<?xml version="1.0" encoding="UTF-8"?>
<!-- Generated by org.testng.reporters.JUnitReportReporter -->
<testsuite skipped="0" hostname="DESKTOP-HLHUGI9" name="org.login.Demo" tests="1" failures="0" timestamp="29 Nov 2023 13:45:46 GMT" time="19.131" errors="0">
  <testcase name="tc1" time="19.131" classname="org.login.Demo"/>
</testsuite> <!-- org.login.Demo -->
