<?xml version="1.0" encoding="UTF-8"?>
<!-- Generated by org.testng.reporters.JUnitReportReporter -->
<testsuite hostname="DESKTOP-HLHUGI9" failures="0" tests="1" name="org.login.Demo" time="14.018" errors="0" timestamp="09 Dec 2023 08:47:54 GMT" skipped="0">
  <testcase classname="org.login.Demo" name="tc1" time="14.018"/>
</testsuite> <!-- org.login.Demo -->
